rm -fr *.o *~
rm -fr softmax_auto softmax_avx softmax_plain
g++ -std=c++17 -I. -I./include -Wall  -march=native -ftree-vectorize -fopt-info-vec-missed -fopt-info-vec-optimized -ffast-math -O3 -o softmax_auto softmax_auto.cpp 
softmax_auto.cpp:27:15: optimized: loop vectorized using 32 byte vectors
softmax_auto.cpp:27:15: optimized: loop vectorized using 16 byte vectors
softmax_auto.cpp:20:15: optimized: loop vectorized using 32 byte vectors
softmax_auto.cpp:20:15: optimized:  loop versioned for vectorization because of possible aliasing
softmax_auto.cpp:20:15: optimized: loop vectorized using 16 byte vectors
softmax_auto.cpp:13:15: optimized: loop vectorized using 32 byte vectors
softmax_auto.cpp:13:15: optimized: loop vectorized using 16 byte vectors
softmax_auto.cpp:46:19: missed: couldn't vectorize loop
softmax_auto.cpp:47:15: missed: statement clobbers memory: fprintf (stderr.10_3, "%f\n", _2);
softmax_auto.cpp:47:15: missed: statement clobbers memory: fprintf (stderr.10_3, "%f\n", _2);
/opt/ohpc/pub/compiler/gcc/12.2.0/include/c++/12.2.0/bits/random.tcc:412:42: optimized: loop vectorized using 16 byte vectors
/opt/ohpc/pub/compiler/gcc/12.2.0/include/c++/12.2.0/bits/random.tcc:404:32: optimized: loop vectorized using 16 byte vectors
softmax_auto.cpp:39:26: missed: couldn't vectorize loop
softmax_auto.cpp:39:26: missed: not vectorized: control flow in loop.
/opt/ohpc/pub/compiler/gcc/12.2.0/include/c++/12.2.0/bits/random.tcc:333:32: missed: couldn't vectorize loop
/opt/ohpc/pub/compiler/gcc/12.2.0/include/c++/12.2.0/bits/random.tcc:335:14: missed: not vectorized: no vectype for stmt: __x_4 = MEM[(struct mersenne_twister_engine *)&gen]._M_x[_8];
 scalar_type: long unsigned int
/opt/ohpc/pub/compiler/gcc/12.2.0/include/c++/12.2.0/bits/new_allocator.h:137:48: missed: statement clobbers memory: _48 = operator new (_47);
/opt/ohpc/pub/compiler/gcc/12.2.0/include/c++/12.2.0/bits/stl_algobase.h:922:11: missed: statement clobbers memory: __builtin_memset (__first_49, 0, _129);
/opt/ohpc/pub/compiler/gcc/12.2.0/include/c++/12.2.0/bits/random.tcc:459:13: missed: statement clobbers memory: std::mersenne_twister_engine<long unsigned int, 32, 624, 397, 31, 2567483615, 11, 4294967295, 7, 2636928640, 15, 4022730752, 18, 1812433253>::_M_gen_rand (&gen);
/opt/ohpc/pub/compiler/gcc/12.2.0/include/c++/12.2.0/bits/stl_vector.h:1905:24: missed: statement clobbers memory: std::__throw_length_error ("cannot create std::vector larger than max_size()");
/opt/ohpc/pub/compiler/gcc/12.2.0/include/c++/12.2.0/bits/stl_vector.h:395:25: optimized: basic block part vectorized using 32 byte vectors
/opt/ohpc/pub/compiler/gcc/12.2.0/include/c++/12.2.0/bits/stl_vector.h:395:25: optimized: basic block part vectorized using 32 byte vectors
softmax_auto.cpp:52:5: missed: splitting region at control altering definition _124 = operator new (_123);
softmax_auto.cpp:65:50: missed: statement clobbers memory: input = generate_random_input (0, -1.0e+0, 1.0e+0); [return slot optimization]
/opt/ohpc/pub/compiler/gcc/12.2.0/include/c++/12.2.0/bits/char_traits.h:395:25: missed: statement clobbers memory: _95 = __builtin_strlen (_2);
/opt/ohpc/pub/compiler/gcc/12.2.0/include/c++/12.2.0/bits/basic_string.tcc:225:13: missed: statement clobbers memory: _99 = std::__cxx11::basic_string<char>::_M_create (&D.81315, &__dnew, 0);
/opt/ohpc/pub/compiler/gcc/12.2.0/include/c++/12.2.0/bits/char_traits.h:431:49: missed: statement clobbers memory: __builtin_memcpy (_163, _2, _95);
/opt/ohpc/pub/compiler/gcc/12.2.0/include/c++/12.2.0/ext/string_conversions.h:80:34: missed: statement clobbers memory: _88 = strtol (_32, &__endptr, 10);
/opt/ohpc/pub/compiler/gcc/12.2.0/include/c++/12.2.0/bits/new_allocator.h:158:26: missed: statement clobbers memory: operator delete (_28, _22);
softmax_auto.cpp:65:50: missed: statement clobbers memory: input = generate_random_input (K_14, -1.0e+0, 1.0e+0); [return slot optimization]
/opt/ohpc/pub/compiler/gcc/12.2.0/include/c++/12.2.0/bits/new_allocator.h:137:48: missed: not vectorized: statement can throw an exception: _124 = operator new (_123);
/opt/ohpc/pub/compiler/gcc/12.2.0/include/c++/12.2.0/bits/stl_vector.h:100:4: optimized: basic block part vectorized using 32 byte vectors
/opt/ohpc/pub/compiler/gcc/12.2.0/include/c++/12.2.0/bits/stl_vector.h:100:4: missed: splitting region at dominance boundary bb33
/opt/ohpc/pub/compiler/gcc/12.2.0/include/c++/12.2.0/bits/stl_vector.h:100:4: missed: splitting region at dominance boundary bb36
/opt/ohpc/pub/compiler/gcc/12.2.0/include/c++/12.2.0/bits/stl_algobase.h:922:11: missed: statement clobbers memory: __builtin_memset (__first_125, 0, _182);
/opt/ohpc/pub/compiler/gcc/12.2.0/include/c++/12.2.0/bits/stl_vector.h:395:25: optimized: basic block part vectorized using 32 byte vectors
/opt/ohpc/pub/compiler/gcc/12.2.0/include/c++/12.2.0/bits/stl_vector.h:395:25: missed: splitting region at control altering definition _42 = std::basic_ostream<char>::_M_insert<double> (&cout, _38);
softmax_auto.cpp:68:2: missed: statement clobbers memory: asoftime_auto = std::chrono::_V2::system_clock::now ();
softmax_auto.cpp:69:14: missed: statement clobbers memory: softmax_auto (_40, iftmp.2_141, K_139);
softmax_auto.cpp:70:2: missed: statement clobbers memory: bsoftime_auto = std::chrono::_V2::system_clock::now ();
/opt/ohpc/pub/compiler/gcc/12.2.0/include/c++/12.2.0/ostream:620:18: missed: not vectorized: statement can throw an exception: std::__ostream_insert<char, std::char_traits<char> > (&cout, "# elapsed time (", 16);
/opt/ohpc/pub/compiler/gcc/12.2.0/include/c++/12.2.0/ostream:620:18: missed: not vectorized: statement can throw an exception: std::__ostream_insert<char, std::char_traits<char> > (&cout, "softime_auto", 12);
/opt/ohpc/pub/compiler/gcc/12.2.0/include/c++/12.2.0/ostream:620:18: missed: not vectorized: statement can throw an exception: std::__ostream_insert<char, std::char_traits<char> > (&cout, "): ", 3);
/opt/ohpc/pub/compiler/gcc/12.2.0/include/c++/12.2.0/ostream:221:25: missed: not vectorized: statement can throw an exception: _42 = std::basic_ostream<char>::_M_insert<double> (&cout, _38);
/opt/ohpc/pub/compiler/gcc/12.2.0/include/c++/12.2.0/ostream:221:25: missed: splitting region at dominance boundary bb43
/opt/ohpc/pub/compiler/gcc/12.2.0/include/c++/12.2.0/ostream:221:25: missed: splitting region at control altering definition _153 = OBJ_TYPE_REF(_151;_140->6B) (_140, 10);
/opt/ohpc/pub/compiler/gcc/12.2.0/include/c++/12.2.0/ostream:620:18: missed: not vectorized: statement can throw an exception: std::__ostream_insert<char, std::char_traits<char> > (_42, "s", 1);
/opt/ohpc/pub/compiler/gcc/12.2.0/include/c++/12.2.0/bits/locale_facets.h:884:21: missed: not vectorized: statement can throw an exception: std::ctype<char>::_M_widen_init (_140);
/opt/ohpc/pub/compiler/gcc/12.2.0/include/c++/12.2.0/bits/locale_facets.h:885:23: missed: not vectorized: statement can throw an exception: _153 = OBJ_TYPE_REF(_151;_140->6B) (_140, 10);
/opt/ohpc/pub/compiler/gcc/12.2.0/include/c++/12.2.0/bits/locale_facets.h:885:23: missed: splitting region at dominance boundary bb49
/opt/ohpc/pub/compiler/gcc/12.2.0/include/c++/12.2.0/bits/locale_facets.h:885:23: missed: splitting region at dominance boundary bb54
/opt/ohpc/pub/compiler/gcc/12.2.0/include/c++/12.2.0/bits/locale_facets.h:883:51: missed: splitting region at control altering definition _138 = std::basic_ostream<char>::put (_42, _137);
/opt/ohpc/pub/compiler/gcc/12.2.0/include/c++/12.2.0/ostream:689:19: missed: not vectorized: statement can throw an exception: _138 = std::basic_ostream<char>::put (_42, _137);
/opt/ohpc/pub/compiler/gcc/12.2.0/include/c++/12.2.0/ostream:689:19: missed: splitting region at dominance boundary bb56
/opt/ohpc/pub/compiler/gcc/12.2.0/include/c++/12.2.0/ostream:689:19: missed: splitting region at dominance boundary bb46
/opt/ohpc/pub/compiler/gcc/12.2.0/include/c++/12.2.0/ostream:711:24: missed: not vectorized: statement can throw an exception: std::basic_ostream<char>::flush (_138);
softmax_auto.cpp:74:14: missed: not vectorized: statement can throw an exception: printResult (&output, K_139);
/opt/ohpc/pub/compiler/gcc/12.2.0/include/c++/12.2.0/bits/new_allocator.h:158:26: missed: statement clobbers memory: operator delete (iftmp.2_141, _142);
/opt/ohpc/pub/compiler/gcc/12.2.0/include/c++/12.2.0/bits/new_allocator.h:158:26: missed: statement clobbers memory: operator delete (_40, _45);
/opt/ohpc/pub/compiler/gcc/12.2.0/include/c++/12.2.0/bits/stl_vector.h:733:7: missed: splitting region at dominance boundary bb71
/opt/ohpc/pub/compiler/gcc/12.2.0/include/c++/12.2.0/bits/basic_ios.h:50:18: missed: not vectorized: statement can throw an exception: std::__throw_bad_cast ();
/opt/ohpc/pub/compiler/gcc/12.2.0/include/c++/12.2.0/bits/basic_ios.h:50:18: missed: splitting region at dominance boundary bb28
/opt/ohpc/pub/compiler/gcc/12.2.0/include/c++/12.2.0/bits/new_allocator.h:158:26: missed: statement clobbers memory: operator delete (iftmp.2_141, _142);
softmax_auto.cpp:52:5: missed: not vectorized: statement can throw an exception: resx 15
/opt/ohpc/pub/compiler/gcc/12.2.0/include/c++/12.2.0/bits/stl_vector.h:733:7: missed: splitting region at dominance boundary bb76
/opt/ohpc/pub/compiler/gcc/12.2.0/include/c++/12.2.0/bits/stl_vector.h:1905:24: missed: not vectorized: statement can throw an exception: std::__throw_length_error ("cannot create std::vector larger than max_size()");
/opt/ohpc/pub/compiler/gcc/12.2.0/include/c++/12.2.0/bits/stl_vector.h:1905:24: missed: splitting region at dominance boundary bb17
/opt/ohpc/pub/compiler/gcc/12.2.0/include/c++/12.2.0/bits/new_allocator.h:158:26: missed: statement clobbers memory: operator delete (_56, _59);
/opt/ohpc/pub/compiler/gcc/12.2.0/include/c++/12.2.0/bits/stl_vector.h:733:7: missed: splitting region at dominance boundary bb15
/opt/ohpc/pub/compiler/gcc/12.2.0/include/c++/12.2.0/ext/string_conversions.h:86:27: missed: not vectorized: statement can throw an exception: std::__throw_out_of_range ("stol");
/opt/ohpc/pub/compiler/gcc/12.2.0/include/c++/12.2.0/ext/string_conversions.h:86:27: missed: splitting region at dominance boundary bb23
/opt/ohpc/pub/compiler/gcc/12.2.0/include/c++/12.2.0/ext/string_conversions.h:83:31: missed: not vectorized: statement can throw an exception: std::__throw_invalid_argument ("stol");
/opt/ohpc/pub/compiler/gcc/12.2.0/include/c++/12.2.0/ext/string_conversions.h:83:31: missed: splitting region at dominance boundary bb7
softmax_auto.cpp:52:5: missed: not vectorized: statement can throw an exception: resx 21
/opt/ohpc/pub/compiler/gcc/12.2.0/include/c++/12.2.0/bits/new_allocator.h:158:26: missed: statement clobbers memory: operator delete (_49, _52);
/opt/ohpc/pub/compiler/gcc/12.2.0/include/c++/12.2.0/bits/basic_string.h:795:23: missed: splitting region at dominance boundary bb3
/opt/ohpc/pub/compiler/gcc/12.2.0/include/c++/12.2.0/bits/basic_string.h:639:28: missed: statement clobbers memory: std::__throw_logic_error ("basic_string: construction from null is not valid");
/opt/ohpc/pub/compiler/gcc/12.2.0/include/c++/12.2.0/bits/basic_string.h:639:28: missed: splitting region at dominance boundary bb66
softmax_auto.cpp:54:14: missed: statement clobbers memory: printf ("use: %s K [1]\n", _1);
/opt/ohpc/pub/compiler/gcc/12.2.0/include/c++/12.2.0/iostream:74:25: missed: statement clobbers memory: std::ios_base::Init::Init (&__ioinit);
/opt/ohpc/pub/compiler/gcc/12.2.0/include/c++/12.2.0/iostream:74:25: missed: statement clobbers memory: __cxxabiv1::__cxa_atexit (__dt_comp , &__ioinit, &__dso_handle);
g++ -std=c++17 -I. -I./include -Wall  -mavx -march=native -ffast-math -O3 -o softmax_avx softmax_avx.cpp 
g++ -std=c++17 -I. -I./include -Wall  -O3 -o softmax_plain softmax_plain.cpp 

>>> Running tests for K=128 <<<
	- Iteration 1:
	  -> Testing softmax_plain...
# elapsed time (softime_plain): 1.1489e-05s
	  -> Testing softmax_auto...
# elapsed time (softime_auto): 5.671e-06s
	  -> Testing softmax_avx...
# elapsed time (softime_avx): 1.003e-06s
	- Iteration 2:
	  -> Testing softmax_plain...
# elapsed time (softime_plain): 6e-06s
	  -> Testing softmax_auto...
# elapsed time (softime_auto): 4.781e-06s
	  -> Testing softmax_avx...
# elapsed time (softime_avx): 1.225e-06s
	- Iteration 3:
	  -> Testing softmax_plain...
# elapsed time (softime_plain): 6.836e-06s
	  -> Testing softmax_auto...
# elapsed time (softime_auto): 4.747e-06s
	  -> Testing softmax_avx...
# elapsed time (softime_avx): 1.044e-06s
	- Iteration 4:
	  -> Testing softmax_plain...
# elapsed time (softime_plain): 6.061e-06s
	  -> Testing softmax_auto...
# elapsed time (softime_auto): 4.821e-06s
	  -> Testing softmax_avx...
# elapsed time (softime_avx): 1.312e-06s
	- Iteration 5:
	  -> Testing softmax_plain...
# elapsed time (softime_plain): 6.668e-06s
	  -> Testing softmax_auto...
# elapsed time (softime_auto): 4.73e-06s
	  -> Testing softmax_avx...
# elapsed time (softime_avx): 1.231e-06s

>>> Running tests for K=1024 <<<
	- Iteration 1:
	  -> Testing softmax_plain...
# elapsed time (softime_plain): 1.4998e-05s
	  -> Testing softmax_auto...
# elapsed time (softime_auto): 9.32e-06s
	  -> Testing softmax_avx...
# elapsed time (softime_avx): 5.356e-06s
	- Iteration 2:
	  -> Testing softmax_plain...
# elapsed time (softime_plain): 1.6799e-05s
	  -> Testing softmax_auto...
# elapsed time (softime_auto): 9.966e-06s
	  -> Testing softmax_avx...
# elapsed time (softime_avx): 4.764e-06s
	- Iteration 3:
	  -> Testing softmax_plain...
# elapsed time (softime_plain): 1.5229e-05s
	  -> Testing softmax_auto...
# elapsed time (softime_auto): 9.931e-06s
	  -> Testing softmax_avx...
# elapsed time (softime_avx): 5.531e-06s
	- Iteration 4:
	  -> Testing softmax_plain...
# elapsed time (softime_plain): 1.4846e-05s
	  -> Testing softmax_auto...
# elapsed time (softime_auto): 1.4683e-05s
	  -> Testing softmax_avx...
# elapsed time (softime_avx): 5.566e-06s
	- Iteration 5:
	  -> Testing softmax_plain...
# elapsed time (softime_plain): 1.4762e-05s
	  -> Testing softmax_auto...
# elapsed time (softime_auto): 1.4012e-05s
	  -> Testing softmax_avx...
# elapsed time (softime_avx): 4.797e-06s

>>> Running tests for K=8192 <<<
	- Iteration 1:
	  -> Testing softmax_plain...
# elapsed time (softime_plain): 8.8795e-05s
	  -> Testing softmax_auto...
# elapsed time (softime_auto): 4.0738e-05s
	  -> Testing softmax_avx...
# elapsed time (softime_avx): 2.3955e-05s
	- Iteration 2:
	  -> Testing softmax_plain...
# elapsed time (softime_plain): 8.9057e-05s
	  -> Testing softmax_auto...
# elapsed time (softime_auto): 3.718e-05s
	  -> Testing softmax_avx...
# elapsed time (softime_avx): 2.3953e-05s
	- Iteration 3:
	  -> Testing softmax_plain...
# elapsed time (softime_plain): 0.000114955s
	  -> Testing softmax_auto...
# elapsed time (softime_auto): 3.9719e-05s
	  -> Testing softmax_avx...
# elapsed time (softime_avx): 2.7496e-05s
	- Iteration 4:
	  -> Testing softmax_plain...
# elapsed time (softime_plain): 9.6862e-05s
	  -> Testing softmax_auto...
# elapsed time (softime_auto): 4.6586e-05s
	  -> Testing softmax_avx...
# elapsed time (softime_avx): 3.4326e-05s
	- Iteration 5:
	  -> Testing softmax_plain...
# elapsed time (softime_plain): 8.8625e-05s
	  -> Testing softmax_auto...
# elapsed time (softime_auto): 3.6555e-05s
	  -> Testing softmax_avx...
# elapsed time (softime_avx): 2.3703e-05s

>>> Running tests for K=131072 <<<
	- Iteration 1:
	  -> Testing softmax_plain...
# elapsed time (softime_plain): 0.00149107s
	  -> Testing softmax_auto...
# elapsed time (softime_auto): 0.000604899s
	  -> Testing softmax_avx...
# elapsed time (softime_avx): 0.000391824s
	- Iteration 2:
	  -> Testing softmax_plain...
# elapsed time (softime_plain): 0.0014783s
	  -> Testing softmax_auto...
# elapsed time (softime_auto): 0.000520079s
	  -> Testing softmax_avx...
# elapsed time (softime_avx): 0.000401689s
	- Iteration 3:
	  -> Testing softmax_plain...
# elapsed time (softime_plain): 0.00148021s
	  -> Testing softmax_auto...
# elapsed time (softime_auto): 0.000523028s
	  -> Testing softmax_avx...
# elapsed time (softime_avx): 0.000440459s
	- Iteration 4:
	  -> Testing softmax_plain...
# elapsed time (softime_plain): 0.00141017s
	  -> Testing softmax_auto...
# elapsed time (softime_auto): 0.000539262s
	  -> Testing softmax_avx...
# elapsed time (softime_avx): 0.000419929s
	- Iteration 5:
	  -> Testing softmax_plain...
# elapsed time (softime_plain): 0.00145701s
	  -> Testing softmax_auto...
# elapsed time (softime_auto): 0.000564804s
	  -> Testing softmax_avx...
# elapsed time (softime_avx): 0.000405486s
